<?xml version="1.0" encoding="UTF-8"?>
<testsuite name="com.tests.BasicTestsSuite" tests="5" skipped="0" failures="0" errors="0" timestamp="2021-11-07T15:00:44" hostname="DESKTOP-K0GNLLH" time="0.016">
  <properties/>
  <testcase name="creationComplexNumberTest" classname="com.tests.BasicTestsSuite" time="0.013"/>
  <testcase name="dividingTest" classname="com.tests.BasicTestsSuite" time="0.0"/>
  <testcase name="multiplicationTest" classname="com.tests.BasicTestsSuite" time="0.0"/>
  <testcase name="subtractionTest" classname="com.tests.BasicTestsSuite" time="0.001"/>
  <testcase name="summTest" classname="com.tests.BasicTestsSuite" time="0.0"/>
  <system-out><![CDATA[]]></system-out>
  <system-err><![CDATA[]]></system-err>
</testsuite>
